<?xml version="1.0" encoding="UTF-8"?>
<testng-results ignored="0" total="2" passed="2" failed="0" skipped="0">
  <reporter-output>
  </reporter-output>
  <suite started-at="2025-02-13T17:14:29 IST" name="Default suite" finished-at="2025-02-13T17:14:43 IST" duration-ms="14482">
    <groups>
    </groups>
    <test started-at="2025-02-13T17:14:29 IST" name="Default test" finished-at="2025-02-13T17:14:43 IST" duration-ms="14482">
      <class name="com.keywordframework.tests.TestrunEngine">
        <test-method is-config="true" signature="setupReport()[pri:0, instance:com.keywordframework.tests.TestrunEngine@460f76a6]" started-at="2025-02-13T17:14:28 IST" name="setupReport" finished-at="2025-02-13T17:14:29 IST" duration-ms="146" status="PASS">
          <reporter-output>
          </reporter-output>
        </test-method> <!-- setupReport -->
        <test-method is-config="true" signature="setUp()[pri:0, instance:com.keywordframework.tests.TestrunEngine@460f76a6]" started-at="2025-02-13T17:14:29 IST" name="setUp" finished-at="2025-02-13T17:14:29 IST" duration-ms="5" status="PASS">
          <reporter-output>
          </reporter-output>
        </test-method> <!-- setUp -->
        <test-method is-config="true" signature="startTest()[pri:0, instance:com.keywordframework.tests.TestrunEngine@460f76a6]" started-at="2025-02-13T17:14:29 IST" name="startTest" finished-at="2025-02-13T17:14:29 IST" duration-ms="4" status="PASS">
          <reporter-output>
          </reporter-output>
        </test-method> <!-- startTest -->
        <test-method signature="executeTest(java.lang.String,java.util.List)[pri:0, instance:com.keywordframework.tests.TestrunEngine@460f76a6]" started-at="2025-02-13T17:14:29 IST" name="executeTest" data-provider="testCasesProvider" finished-at="2025-02-13T17:14:37 IST" duration-ms="7663" status="PASS">
          <params>
            <param index="0">
              <value>
                <![CDATA[TC_001]]>
              </value>
            </param>
            <param index="1">
              <value>
                <![CDATA[[[openBrowser, , ], [navigateTo, , https://opensource-demo.orangehrmlive.com/web/index.php/auth/login], [enterText, //*[@placeholder='Username'], Admin], [enterText, //*[@placeholder='Password'], admin123], [click, //button, ], [verifyText, //span[text()='Dashboard'], Dashboard], [closeBrowser, , ]]]]>
              </value>
            </param>
          </params>
          <reporter-output>
          </reporter-output>
        </test-method> <!-- executeTest -->
        <test-method is-config="true" signature="startTest()[pri:0, instance:com.keywordframework.tests.TestrunEngine@460f76a6]" started-at="2025-02-13T17:14:37 IST" name="startTest" finished-at="2025-02-13T17:14:37 IST" duration-ms="0" status="PASS">
          <reporter-output>
          </reporter-output>
        </test-method> <!-- startTest -->
        <test-method signature="executeTest(java.lang.String,java.util.List)[pri:0, instance:com.keywordframework.tests.TestrunEngine@460f76a6]" started-at="2025-02-13T17:14:37 IST" name="executeTest" data-provider="testCasesProvider" finished-at="2025-02-13T17:14:43 IST" duration-ms="6289" status="PASS">
          <params>
            <param index="0">
              <value>
                <![CDATA[TC_002]]>
              </value>
            </param>
            <param index="1">
              <value>
                <![CDATA[[[openBrowser, , ], [navigateTo, , https://opensource-demo.orangehrmlive.com/web/index.php/auth/login], [enterText, //*[@placeholder='Username'], Admin], [enterText, //*[@placeholder='Password'], admin123], [click, //button, ], [verifyText, //span[text()='Dashboard'], Dashboard], [closeBrowser, , ]]]]>
              </value>
            </param>
          </params>
          <reporter-output>
          </reporter-output>
        </test-method> <!-- executeTest -->
        <test-method is-config="true" signature="tearDown()[pri:0, instance:com.keywordframework.tests.TestrunEngine@460f76a6]" started-at="2025-02-13T17:14:43 IST" name="tearDown" finished-at="2025-02-13T17:14:43 IST" duration-ms="1" status="PASS">
          <reporter-output>
          </reporter-output>
        </test-method> <!-- tearDown -->
        <test-method is-config="true" signature="tearDownReport()[pri:0, instance:com.keywordframework.tests.TestrunEngine@460f76a6]" started-at="2025-02-13T17:14:43 IST" name="tearDownReport" finished-at="2025-02-13T17:14:43 IST" duration-ms="4" status="PASS">
          <reporter-output>
          </reporter-output>
        </test-method> <!-- tearDownReport -->
      </class> <!-- com.keywordframework.tests.TestrunEngine -->
    </test> <!-- Default test -->
  </suite> <!-- Default suite -->
</testng-results>
