<?xml version="1.0" encoding="UTF-8"?>
<testng-results ignored="0" total="2" passed="2" failed="0" skipped="0">
  <reporter-output>
  </reporter-output>
  <suite started-at="2025-02-09T17:06:14 IST" name="AutomationSuite" finished-at="2025-02-09T17:06:27 IST" duration-ms="13132">
    <groups>
    </groups>
    <test started-at="2025-02-09T17:06:14 IST" name="AutomationTests" finished-at="2025-02-09T17:06:27 IST" duration-ms="13132">
      <class name="com.keywordframework.tests.TestrunEngine">
        <test-method is-config="true" signature="setUp()[pri:0, instance:com.keywordframework.tests.TestrunEngine@33617539]" started-at="2025-02-09T17:06:14 IST" name="setUp" finished-at="2025-02-09T17:06:14 IST" duration-ms="11" status="PASS">
          <reporter-output>
          </reporter-output>
        </test-method> <!-- setUp -->
        <test-method signature="executeTest(java.lang.String,java.util.List)[pri:0, instance:com.keywordframework.tests.TestrunEngine@33617539]" started-at="2025-02-09T17:06:14 IST" name="executeTest" data-provider="testCasesProvider" finished-at="2025-02-09T17:06:21 IST" duration-ms="6844" status="PASS">
          <params>
            <param index="0">
              <value>
                <![CDATA[TC_001]]>
              </value>
            </param>
            <param index="1">
              <value>
                <![CDATA[[[openBrowser, , ], [navigateTo, , https://opensource-demo.orangehrmlive.com/web/index.php/auth/login], [enterText, //*[@placeholder='Username'], Admin], [enterText, //*[@placeholder='Password'], admin123], [click, //button, ], [verifyText, //span[text()='Dashboard'], Dashboard], [closeBrowser, , ]]]]>
              </value>
            </param>
          </params>
          <reporter-output>
          </reporter-output>
        </test-method> <!-- executeTest -->
        <test-method signature="executeTest(java.lang.String,java.util.List)[pri:0, instance:com.keywordframework.tests.TestrunEngine@33617539]" started-at="2025-02-09T17:06:21 IST" name="executeTest" data-provider="testCasesProvider" finished-at="2025-02-09T17:06:27 IST" duration-ms="5883" status="PASS">
          <params>
            <param index="0">
              <value>
                <![CDATA[TC_002]]>
              </value>
            </param>
            <param index="1">
              <value>
                <![CDATA[[[openBrowser, , ], [navigateTo, , https://opensource-demo.orangehrmlive.com/web/index.php/auth/login], [enterText, //*[@placeholder='Username'], Admin], [enterText, //*[@placeholder='Password'], admin123], [click, //button, ], [verifyText, //span[text()='Dashboard'], Dashboard], [closeBrowser, , ]]]]>
              </value>
            </param>
          </params>
          <reporter-output>
          </reporter-output>
        </test-method> <!-- executeTest -->
        <test-method is-config="true" signature="tearDown()[pri:0, instance:com.keywordframework.tests.TestrunEngine@33617539]" started-at="2025-02-09T17:06:27 IST" name="tearDown" finished-at="2025-02-09T17:06:27 IST" duration-ms="1" status="PASS">
          <reporter-output>
          </reporter-output>
        </test-method> <!-- tearDown -->
      </class> <!-- com.keywordframework.tests.TestrunEngine -->
    </test> <!-- AutomationTests -->
  </suite> <!-- AutomationSuite -->
</testng-results>
