<?xml version="1.0" encoding="UTF-8"?>
<!-- Generated by org.testng.reporters.JUnitXMLReporter -->
<testsuite ignored="0" hostname="Laptopotamus" failures="1" tests="2" name="AutomationTests" time="12.033" errors="0" timestamp="2025-02-08T18:55:19 IST">
  <testcase classname="com.keywordframework.tests.TestExecutor" name="LoginTest" time="5.002"/>
  <testcase classname="com.keywordframework.tests.TestExecutor2" name="LoginTest" time="4.407">
    <failure type="java.lang.AssertionError" message="Text verification failed!">
      <![CDATA[java.lang.AssertionError: Text verification failed!
at com.keywordframework.keywords.WebKeywords.verifyText(WebKeywords.java:42)
at com.keywordframework.tests.TestExecutor2.LoginTest(TestExecutor2.java:45)
at java.base/java.util.ArrayList.forEach(ArrayList.java:1596)
... Removed 25 stack frames]]>
    </failure>
  </testcase> <!-- LoginTest -->
</testsuite> <!-- AutomationTests -->
